<?xml version="1.0" encoding="UTF-8"?>
<!-- Generated by org.testng.reporters.JUnitReportReporter -->
<testsuite skipped="0" hostname="DESKTOP-HQ8D4NL" name="remoteTesting.dockerValidation.chromeTest2" tests="1" failures="0" timestamp="16 Apr 2022 23:06:17 GMT" time="62.541" errors="0">
  <testcase name="test2" time="62.541" classname="remoteTesting.dockerValidation.chromeTest2"/>
</testsuite> <!-- remoteTesting.dockerValidation.chromeTest2 -->
