<?xml version="1.0" encoding="UTF-8"?>
<!-- Generated by org.testng.reporters.JUnitReportReporter -->
<testsuite skipped="0" hostname="DESKTOP-HQ8D4NL" name="remoteTesting.dockerValidation.chromeTest3" tests="1" failures="0" timestamp="16 Apr 2022 23:31:51 GMT" time="61.965" errors="0">
  <testcase name="test3" time="61.965" classname="remoteTesting.dockerValidation.chromeTest3"/>
</testsuite> <!-- remoteTesting.dockerValidation.chromeTest3 -->
