<?xml version="1.0" encoding="UTF-8"?>
<!-- Generated by org.testng.reporters.JUnitReportReporter -->
<testsuite skipped="0" hostname="DESKTOP-HQ8D4NL" name="remoteTesting.dockerValidation.chromeTest1" tests="1" failures="0" timestamp="16 Apr 2022 23:31:51 GMT" time="48.144" errors="0">
  <testcase name="test1" time="48.144" classname="remoteTesting.dockerValidation.chromeTest1"/>
</testsuite> <!-- remoteTesting.dockerValidation.chromeTest1 -->
